#-----------------------------------------------------------
# Vivado v2019.2 (64-bit)
# SW Build 2708876 on Wed Nov  6 21:40:23 MST 2019
# IP Build 2700528 on Thu Nov  7 00:09:20 MST 2019
# Start of session at: Tue Jan 23 00:43:13 2024
# Process ID: 18984
# Current directory: E:/RISCV/booth/booth_mult
# Command line: vivado.exe -gui_launcher_event rodinguilauncherevent22876 E:\RISCV\booth\booth_mult\booth_mult.xpr
# Log file: E:/RISCV/booth/booth_mult/vivado.log
# Journal file: E:/RISCV/booth/booth_mult\vivado.jou
#-----------------------------------------------------------
start_gui
open_project E:/RISCV/booth/booth_mult/booth_mult.xpr
Scanning sources...
Finished scanning sources
INFO: [IP_Flow 19-234] Refreshing IP repositories
INFO: [IP_Flow 19-1704] No user IP repositories specified
INFO: [IP_Flow 19-2313] Loaded Vivado IP repository 'E:/Xilinx/Vivado/2019.2/data/ip'.
open_project: Time (s): cpu = 00:00:13 ; elapsed = 00:00:06 . Memory (MB): peak = 925.637 ; gain = 275.016
update_compile_order -fileset sources_1
add_files -norecurse {E:/RISCV/booth/compressor4_2.v E:/RISCV/booth/pp_compressor4_2.v}
update_compile_order -fileset sources_1
set_property top pp_compressor4_2 [current_fileset]
reset_run synth_2
update_compile_order -fileset sources_1
launch_runs synth_2 -jobs 4
[Tue Jan 23 00:44:15 2024] Launched synth_2...
Run output will be captured here: E:/RISCV/booth/booth_mult/booth_mult.runs/synth_2/runme.log
reset_run synth_2
launch_runs synth_2 -jobs 4
[Tue Jan 23 00:45:25 2024] Launched synth_2...
Run output will be captured here: E:/RISCV/booth/booth_mult/booth_mult.runs/synth_2/runme.log
synth_design -rtl -name rtl_1
Command: synth_design -rtl -name rtl_1
Starting synth_design
Using part: xc7a200tffg1156-3
Top: pp_compressor4_2
INFO: [Device 21-403] Loading part xc7a200tffg1156-3
---------------------------------------------------------------------------------
Starting RTL Elaboration : Time (s): cpu = 00:00:04 ; elapsed = 00:00:04 . Memory (MB): peak = 1491.066 ; gain = 222.297
---------------------------------------------------------------------------------
INFO: [Synth 8-6157] synthesizing module 'pp_compressor4_2' [E:/RISCV/booth/pp_compressor4_2.v:1]
INFO: [Synth 8-6157] synthesizing module 'compressor4_2' [E:/RISCV/booth/compressor4_2.v:1]
INFO: [Synth 8-6155] done synthesizing module 'compressor4_2' (1#1) [E:/RISCV/booth/compressor4_2.v:1]
WARNING: [Synth 8-689] width (64) of port connection 'C' does not match port width (1) of module 'compressor4_2' [E:/RISCV/booth/pp_compressor4_2.v:25]
WARNING: [Synth 8-689] width (64) of port connection 'S' does not match port width (1) of module 'compressor4_2' [E:/RISCV/booth/pp_compressor4_2.v:26]
WARNING: [Synth 8-689] width (64) of port connection 'C' does not match port width (1) of module 'compressor4_2' [E:/RISCV/booth/pp_compressor4_2.v:25]
WARNING: [Synth 8-689] width (64) of port connection 'S' does not match port width (1) of module 'compressor4_2' [E:/RISCV/booth/pp_compressor4_2.v:26]
WARNING: [Synth 8-689] width (64) of port connection 'C' does not match port width (1) of module 'compressor4_2' [E:/RISCV/booth/pp_compressor4_2.v:25]
WARNING: [Synth 8-689] width (64) of port connection 'S' does not match port width (1) of module 'compressor4_2' [E:/RISCV/booth/pp_compressor4_2.v:26]
WARNING: [Synth 8-689] width (64) of port connection 'C' does not match port width (1) of module 'compressor4_2' [E:/RISCV/booth/pp_compressor4_2.v:25]
WARNING: [Synth 8-689] width (64) of port connection 'S' does not match port width (1) of module 'compressor4_2' [E:/RISCV/booth/pp_compressor4_2.v:26]
WARNING: [Synth 8-689] width (64) of port connection 'C' does not match port width (1) of module 'compressor4_2' [E:/RISCV/booth/pp_compressor4_2.v:25]
WARNING: [Synth 8-689] width (64) of port connection 'S' does not match port width (1) of module 'compressor4_2' [E:/RISCV/booth/pp_compressor4_2.v:26]
WARNING: [Synth 8-689] width (64) of port connection 'C' does not match port width (1) of module 'compressor4_2' [E:/RISCV/booth/pp_compressor4_2.v:25]
WARNING: [Synth 8-689] width (64) of port connection 'S' does not match port width (1) of module 'compressor4_2' [E:/RISCV/booth/pp_compressor4_2.v:26]
WARNING: [Synth 8-689] width (64) of port connection 'C' does not match port width (1) of module 'compressor4_2' [E:/RISCV/booth/pp_compressor4_2.v:25]
WARNING: [Synth 8-689] width (64) of port connection 'S' does not match port width (1) of module 'compressor4_2' [E:/RISCV/booth/pp_compressor4_2.v:26]
WARNING: [Synth 8-689] width (64) of port connection 'C' does not match port width (1) of module 'compressor4_2' [E:/RISCV/booth/pp_compressor4_2.v:25]
WARNING: [Synth 8-689] width (64) of port connection 'S' does not match port width (1) of module 'compressor4_2' [E:/RISCV/booth/pp_compressor4_2.v:26]
WARNING: [Synth 8-689] width (64) of port connection 'C' does not match port width (1) of module 'compressor4_2' [E:/RISCV/booth/pp_compressor4_2.v:25]
WARNING: [Synth 8-689] width (64) of port connection 'S' does not match port width (1) of module 'compressor4_2' [E:/RISCV/booth/pp_compressor4_2.v:26]
WARNING: [Synth 8-689] width (64) of port connection 'C' does not match port width (1) of module 'compressor4_2' [E:/RISCV/booth/pp_compressor4_2.v:25]
WARNING: [Synth 8-689] width (64) of port connection 'S' does not match port width (1) of module 'compressor4_2' [E:/RISCV/booth/pp_compressor4_2.v:26]
WARNING: [Synth 8-689] width (64) of port connection 'C' does not match port width (1) of module 'compressor4_2' [E:/RISCV/booth/pp_compressor4_2.v:25]
WARNING: [Synth 8-689] width (64) of port connection 'S' does not match port width (1) of module 'compressor4_2' [E:/RISCV/booth/pp_compressor4_2.v:26]
WARNING: [Synth 8-689] width (64) of port connection 'C' does not match port width (1) of module 'compressor4_2' [E:/RISCV/booth/pp_compressor4_2.v:25]
WARNING: [Synth 8-689] width (64) of port connection 'S' does not match port width (1) of module 'compressor4_2' [E:/RISCV/booth/pp_compressor4_2.v:26]
WARNING: [Synth 8-689] width (64) of port connection 'C' does not match port width (1) of module 'compressor4_2' [E:/RISCV/booth/pp_compressor4_2.v:25]
WARNING: [Synth 8-689] width (64) of port connection 'S' does not match port width (1) of module 'compressor4_2' [E:/RISCV/booth/pp_compressor4_2.v:26]
WARNING: [Synth 8-689] width (64) of port connection 'C' does not match port width (1) of module 'compressor4_2' [E:/RISCV/booth/pp_compressor4_2.v:25]
WARNING: [Synth 8-689] width (64) of port connection 'S' does not match port width (1) of module 'compressor4_2' [E:/RISCV/booth/pp_compressor4_2.v:26]
WARNING: [Synth 8-689] width (64) of port connection 'C' does not match port width (1) of module 'compressor4_2' [E:/RISCV/booth/pp_compressor4_2.v:25]
WARNING: [Synth 8-689] width (64) of port connection 'S' does not match port width (1) of module 'compressor4_2' [E:/RISCV/booth/pp_compressor4_2.v:26]
WARNING: [Synth 8-689] width (64) of port connection 'C' does not match port width (1) of module 'compressor4_2' [E:/RISCV/booth/pp_compressor4_2.v:25]
WARNING: [Synth 8-689] width (64) of port connection 'S' does not match port width (1) of module 'compressor4_2' [E:/RISCV/booth/pp_compressor4_2.v:26]
WARNING: [Synth 8-689] width (64) of port connection 'C' does not match port width (1) of module 'compressor4_2' [E:/RISCV/booth/pp_compressor4_2.v:25]
WARNING: [Synth 8-689] width (64) of port connection 'S' does not match port width (1) of module 'compressor4_2' [E:/RISCV/booth/pp_compressor4_2.v:26]
WARNING: [Synth 8-689] width (64) of port connection 'C' does not match port width (1) of module 'compressor4_2' [E:/RISCV/booth/pp_compressor4_2.v:25]
WARNING: [Synth 8-689] width (64) of port connection 'S' does not match port width (1) of module 'compressor4_2' [E:/RISCV/booth/pp_compressor4_2.v:26]
WARNING: [Synth 8-689] width (64) of port connection 'C' does not match port width (1) of module 'compressor4_2' [E:/RISCV/booth/pp_compressor4_2.v:25]
WARNING: [Synth 8-689] width (64) of port connection 'S' does not match port width (1) of module 'compressor4_2' [E:/RISCV/booth/pp_compressor4_2.v:26]
WARNING: [Synth 8-689] width (64) of port connection 'C' does not match port width (1) of module 'compressor4_2' [E:/RISCV/booth/pp_compressor4_2.v:25]
WARNING: [Synth 8-689] width (64) of port connection 'S' does not match port width (1) of module 'compressor4_2' [E:/RISCV/booth/pp_compressor4_2.v:26]
WARNING: [Synth 8-689] width (64) of port connection 'C' does not match port width (1) of module 'compressor4_2' [E:/RISCV/booth/pp_compressor4_2.v:25]
WARNING: [Synth 8-689] width (64) of port connection 'S' does not match port width (1) of module 'compressor4_2' [E:/RISCV/booth/pp_compressor4_2.v:26]
WARNING: [Synth 8-689] width (64) of port connection 'C' does not match port width (1) of module 'compressor4_2' [E:/RISCV/booth/pp_compressor4_2.v:25]
WARNING: [Synth 8-689] width (64) of port connection 'S' does not match port width (1) of module 'compressor4_2' [E:/RISCV/booth/pp_compressor4_2.v:26]
WARNING: [Synth 8-689] width (64) of port connection 'C' does not match port width (1) of module 'compressor4_2' [E:/RISCV/booth/pp_compressor4_2.v:25]
WARNING: [Synth 8-689] width (64) of port connection 'S' does not match port width (1) of module 'compressor4_2' [E:/RISCV/booth/pp_compressor4_2.v:26]
WARNING: [Synth 8-689] width (64) of port connection 'C' does not match port width (1) of module 'compressor4_2' [E:/RISCV/booth/pp_compressor4_2.v:25]
WARNING: [Synth 8-689] width (64) of port connection 'S' does not match port width (1) of module 'compressor4_2' [E:/RISCV/booth/pp_compressor4_2.v:26]
WARNING: [Synth 8-689] width (64) of port connection 'C' does not match port width (1) of module 'compressor4_2' [E:/RISCV/booth/pp_compressor4_2.v:25]
WARNING: [Synth 8-689] width (64) of port connection 'S' does not match port width (1) of module 'compressor4_2' [E:/RISCV/booth/pp_compressor4_2.v:26]
WARNING: [Synth 8-689] width (64) of port connection 'C' does not match port width (1) of module 'compressor4_2' [E:/RISCV/booth/pp_compressor4_2.v:25]
WARNING: [Synth 8-689] width (64) of port connection 'S' does not match port width (1) of module 'compressor4_2' [E:/RISCV/booth/pp_compressor4_2.v:26]
WARNING: [Synth 8-689] width (64) of port connection 'C' does not match port width (1) of module 'compressor4_2' [E:/RISCV/booth/pp_compressor4_2.v:25]
WARNING: [Synth 8-689] width (64) of port connection 'S' does not match port width (1) of module 'compressor4_2' [E:/RISCV/booth/pp_compressor4_2.v:26]
WARNING: [Synth 8-689] width (64) of port connection 'C' does not match port width (1) of module 'compressor4_2' [E:/RISCV/booth/pp_compressor4_2.v:25]
WARNING: [Synth 8-689] width (64) of port connection 'S' does not match port width (1) of module 'compressor4_2' [E:/RISCV/booth/pp_compressor4_2.v:26]
WARNING: [Synth 8-689] width (64) of port connection 'C' does not match port width (1) of module 'compressor4_2' [E:/RISCV/booth/pp_compressor4_2.v:25]
WARNING: [Synth 8-689] width (64) of port connection 'S' does not match port width (1) of module 'compressor4_2' [E:/RISCV/booth/pp_compressor4_2.v:26]
WARNING: [Synth 8-689] width (64) of port connection 'C' does not match port width (1) of module 'compressor4_2' [E:/RISCV/booth/pp_compressor4_2.v:25]
WARNING: [Synth 8-689] width (64) of port connection 'S' does not match port width (1) of module 'compressor4_2' [E:/RISCV/booth/pp_compressor4_2.v:26]
WARNING: [Synth 8-689] width (64) of port connection 'C' does not match port width (1) of module 'compressor4_2' [E:/RISCV/booth/pp_compressor4_2.v:25]
WARNING: [Synth 8-689] width (64) of port connection 'S' does not match port width (1) of module 'compressor4_2' [E:/RISCV/booth/pp_compressor4_2.v:26]
WARNING: [Synth 8-689] width (64) of port connection 'C' does not match port width (1) of module 'compressor4_2' [E:/RISCV/booth/pp_compressor4_2.v:25]
WARNING: [Synth 8-689] width (64) of port connection 'S' does not match port width (1) of module 'compressor4_2' [E:/RISCV/booth/pp_compressor4_2.v:26]
WARNING: [Synth 8-689] width (64) of port connection 'C' does not match port width (1) of module 'compressor4_2' [E:/RISCV/booth/pp_compressor4_2.v:25]
WARNING: [Synth 8-689] width (64) of port connection 'S' does not match port width (1) of module 'compressor4_2' [E:/RISCV/booth/pp_compressor4_2.v:26]
WARNING: [Synth 8-689] width (64) of port connection 'C' does not match port width (1) of module 'compressor4_2' [E:/RISCV/booth/pp_compressor4_2.v:25]
WARNING: [Synth 8-689] width (64) of port connection 'S' does not match port width (1) of module 'compressor4_2' [E:/RISCV/booth/pp_compressor4_2.v:26]
WARNING: [Synth 8-689] width (64) of port connection 'C' does not match port width (1) of module 'compressor4_2' [E:/RISCV/booth/pp_compressor4_2.v:25]
WARNING: [Synth 8-689] width (64) of port connection 'S' does not match port width (1) of module 'compressor4_2' [E:/RISCV/booth/pp_compressor4_2.v:26]
WARNING: [Synth 8-689] width (64) of port connection 'C' does not match port width (1) of module 'compressor4_2' [E:/RISCV/booth/pp_compressor4_2.v:25]
WARNING: [Synth 8-689] width (64) of port connection 'S' does not match port width (1) of module 'compressor4_2' [E:/RISCV/booth/pp_compressor4_2.v:26]
WARNING: [Synth 8-689] width (64) of port connection 'C' does not match port width (1) of module 'compressor4_2' [E:/RISCV/booth/pp_compressor4_2.v:25]
WARNING: [Synth 8-689] width (64) of port connection 'S' does not match port width (1) of module 'compressor4_2' [E:/RISCV/booth/pp_compressor4_2.v:26]
WARNING: [Synth 8-689] width (64) of port connection 'C' does not match port width (1) of module 'compressor4_2' [E:/RISCV/booth/pp_compressor4_2.v:25]
WARNING: [Synth 8-689] width (64) of port connection 'S' does not match port width (1) of module 'compressor4_2' [E:/RISCV/booth/pp_compressor4_2.v:26]
WARNING: [Synth 8-689] width (64) of port connection 'C' does not match port width (1) of module 'compressor4_2' [E:/RISCV/booth/pp_compressor4_2.v:25]
WARNING: [Synth 8-689] width (64) of port connection 'S' does not match port width (1) of module 'compressor4_2' [E:/RISCV/booth/pp_compressor4_2.v:26]
WARNING: [Synth 8-689] width (64) of port connection 'C' does not match port width (1) of module 'compressor4_2' [E:/RISCV/booth/pp_compressor4_2.v:25]
WARNING: [Synth 8-689] width (64) of port connection 'S' does not match port width (1) of module 'compressor4_2' [E:/RISCV/booth/pp_compressor4_2.v:26]
WARNING: [Synth 8-689] width (64) of port connection 'C' does not match port width (1) of module 'compressor4_2' [E:/RISCV/booth/pp_compressor4_2.v:25]
WARNING: [Synth 8-689] width (64) of port connection 'S' does not match port width (1) of module 'compressor4_2' [E:/RISCV/booth/pp_compressor4_2.v:26]
WARNING: [Synth 8-689] width (64) of port connection 'C' does not match port width (1) of module 'compressor4_2' [E:/RISCV/booth/pp_compressor4_2.v:25]
WARNING: [Synth 8-689] width (64) of port connection 'S' does not match port width (1) of module 'compressor4_2' [E:/RISCV/booth/pp_compressor4_2.v:26]
WARNING: [Synth 8-689] width (64) of port connection 'C' does not match port width (1) of module 'compressor4_2' [E:/RISCV/booth/pp_compressor4_2.v:25]
WARNING: [Synth 8-689] width (64) of port connection 'S' does not match port width (1) of module 'compressor4_2' [E:/RISCV/booth/pp_compressor4_2.v:26]
WARNING: [Synth 8-689] width (64) of port connection 'C' does not match port width (1) of module 'compressor4_2' [E:/RISCV/booth/pp_compressor4_2.v:25]
WARNING: [Synth 8-689] width (64) of port connection 'S' does not match port width (1) of module 'compressor4_2' [E:/RISCV/booth/pp_compressor4_2.v:26]
WARNING: [Synth 8-689] width (64) of port connection 'C' does not match port width (1) of module 'compressor4_2' [E:/RISCV/booth/pp_compressor4_2.v:25]
WARNING: [Synth 8-689] width (64) of port connection 'S' does not match port width (1) of module 'compressor4_2' [E:/RISCV/booth/pp_compressor4_2.v:26]
WARNING: [Synth 8-689] width (64) of port connection 'C' does not match port width (1) of module 'compressor4_2' [E:/RISCV/booth/pp_compressor4_2.v:25]
WARNING: [Synth 8-689] width (64) of port connection 'S' does not match port width (1) of module 'compressor4_2' [E:/RISCV/booth/pp_compressor4_2.v:26]
WARNING: [Synth 8-689] width (64) of port connection 'C' does not match port width (1) of module 'compressor4_2' [E:/RISCV/booth/pp_compressor4_2.v:25]
WARNING: [Synth 8-689] width (64) of port connection 'S' does not match port width (1) of module 'compressor4_2' [E:/RISCV/booth/pp_compressor4_2.v:26]
WARNING: [Synth 8-689] width (64) of port connection 'C' does not match port width (1) of module 'compressor4_2' [E:/RISCV/booth/pp_compressor4_2.v:25]
WARNING: [Synth 8-689] width (64) of port connection 'S' does not match port width (1) of module 'compressor4_2' [E:/RISCV/booth/pp_compressor4_2.v:26]
WARNING: [Synth 8-689] width (64) of port connection 'C' does not match port width (1) of module 'compressor4_2' [E:/RISCV/booth/pp_compressor4_2.v:25]
WARNING: [Synth 8-689] width (64) of port connection 'S' does not match port width (1) of module 'compressor4_2' [E:/RISCV/booth/pp_compressor4_2.v:26]
WARNING: [Synth 8-689] width (64) of port connection 'C' does not match port width (1) of module 'compressor4_2' [E:/RISCV/booth/pp_compressor4_2.v:25]
WARNING: [Synth 8-689] width (64) of port connection 'S' does not match port width (1) of module 'compressor4_2' [E:/RISCV/booth/pp_compressor4_2.v:26]
INFO: [Common 17-14] Message 'Synth 8-689' appears 100 times and further instances of the messages will be disabled. Use the Tcl command set_msg_config to change the current settings.
WARNING: [Synth 8-3848] Net c_temp in module/entity pp_compressor4_2 does not have driver. [E:/RISCV/booth/pp_compressor4_2.v:11]
INFO: [Synth 8-6155] done synthesizing module 'pp_compressor4_2' (2#1) [E:/RISCV/booth/pp_compressor4_2.v:1]
WARNING: [Synth 8-3917] design pp_compressor4_2 has port C[63] driven by constant 0
WARNING: [Synth 8-3917] design pp_compressor4_2 has port C[62] driven by constant 0
WARNING: [Synth 8-3917] design pp_compressor4_2 has port C[61] driven by constant 0
WARNING: [Synth 8-3917] design pp_compressor4_2 has port C[60] driven by constant 0
WARNING: [Synth 8-3917] design pp_compressor4_2 has port C[59] driven by constant 0
WARNING: [Synth 8-3917] design pp_compressor4_2 has port C[58] driven by constant 0
WARNING: [Synth 8-3917] design pp_compressor4_2 has port C[57] driven by constant 0
WARNING: [Synth 8-3917] design pp_compressor4_2 has port C[56] driven by constant 0
WARNING: [Synth 8-3917] design pp_compressor4_2 has port C[55] driven by constant 0
WARNING: [Synth 8-3917] design pp_compressor4_2 has port C[54] driven by constant 0
WARNING: [Synth 8-3917] design pp_compressor4_2 has port C[53] driven by constant 0
WARNING: [Synth 8-3917] design pp_compressor4_2 has port C[52] driven by constant 0
WARNING: [Synth 8-3917] design pp_compressor4_2 has port C[51] driven by constant 0
WARNING: [Synth 8-3917] design pp_compressor4_2 has port C[50] driven by constant 0
WARNING: [Synth 8-3917] design pp_compressor4_2 has port C[49] driven by constant 0
WARNING: [Synth 8-3917] design pp_compressor4_2 has port C[48] driven by constant 0
WARNING: [Synth 8-3917] design pp_compressor4_2 has port C[47] driven by constant 0
WARNING: [Synth 8-3917] design pp_compressor4_2 has port C[46] driven by constant 0
WARNING: [Synth 8-3917] design pp_compressor4_2 has port C[45] driven by constant 0
WARNING: [Synth 8-3917] design pp_compressor4_2 has port C[44] driven by constant 0
WARNING: [Synth 8-3917] design pp_compressor4_2 has port C[43] driven by constant 0
WARNING: [Synth 8-3917] design pp_compressor4_2 has port C[42] driven by constant 0
WARNING: [Synth 8-3917] design pp_compressor4_2 has port C[41] driven by constant 0
WARNING: [Synth 8-3917] design pp_compressor4_2 has port C[40] driven by constant 0
WARNING: [Synth 8-3917] design pp_compressor4_2 has port C[39] driven by constant 0
WARNING: [Synth 8-3917] design pp_compressor4_2 has port C[38] driven by constant 0
WARNING: [Synth 8-3917] design pp_compressor4_2 has port C[37] driven by constant 0
WARNING: [Synth 8-3917] design pp_compressor4_2 has port C[36] driven by constant 0
WARNING: [Synth 8-3917] design pp_compressor4_2 has port C[35] driven by constant 0
WARNING: [Synth 8-3917] design pp_compressor4_2 has port C[34] driven by constant 0
WARNING: [Synth 8-3917] design pp_compressor4_2 has port C[33] driven by constant 0
WARNING: [Synth 8-3917] design pp_compressor4_2 has port C[32] driven by constant 0
WARNING: [Synth 8-3917] design pp_compressor4_2 has port C[31] driven by constant 0
WARNING: [Synth 8-3917] design pp_compressor4_2 has port C[30] driven by constant 0
WARNING: [Synth 8-3917] design pp_compressor4_2 has port C[29] driven by constant 0
WARNING: [Synth 8-3917] design pp_compressor4_2 has port C[28] driven by constant 0
WARNING: [Synth 8-3917] design pp_compressor4_2 has port C[27] driven by constant 0
WARNING: [Synth 8-3917] design pp_compressor4_2 has port C[26] driven by constant 0
WARNING: [Synth 8-3917] design pp_compressor4_2 has port C[25] driven by constant 0
WARNING: [Synth 8-3917] design pp_compressor4_2 has port C[24] driven by constant 0
WARNING: [Synth 8-3917] design pp_compressor4_2 has port C[23] driven by constant 0
WARNING: [Synth 8-3917] design pp_compressor4_2 has port C[22] driven by constant 0
WARNING: [Synth 8-3917] design pp_compressor4_2 has port C[21] driven by constant 0
WARNING: [Synth 8-3917] design pp_compressor4_2 has port C[20] driven by constant 0
WARNING: [Synth 8-3917] design pp_compressor4_2 has port C[19] driven by constant 0
WARNING: [Synth 8-3917] design pp_compressor4_2 has port C[18] driven by constant 0
WARNING: [Synth 8-3917] design pp_compressor4_2 has port C[17] driven by constant 0
WARNING: [Synth 8-3917] design pp_compressor4_2 has port C[16] driven by constant 0
WARNING: [Synth 8-3917] design pp_compressor4_2 has port C[15] driven by constant 0
WARNING: [Synth 8-3917] design pp_compressor4_2 has port C[14] driven by constant 0
WARNING: [Synth 8-3917] design pp_compressor4_2 has port C[13] driven by constant 0
WARNING: [Synth 8-3917] design pp_compressor4_2 has port C[12] driven by constant 0
WARNING: [Synth 8-3917] design pp_compressor4_2 has port C[11] driven by constant 0
WARNING: [Synth 8-3917] design pp_compressor4_2 has port C[10] driven by constant 0
WARNING: [Synth 8-3917] design pp_compressor4_2 has port C[9] driven by constant 0
WARNING: [Synth 8-3917] design pp_compressor4_2 has port C[8] driven by constant 0
WARNING: [Synth 8-3917] design pp_compressor4_2 has port C[7] driven by constant 0
WARNING: [Synth 8-3917] design pp_compressor4_2 has port C[6] driven by constant 0
WARNING: [Synth 8-3917] design pp_compressor4_2 has port C[5] driven by constant 0
WARNING: [Synth 8-3917] design pp_compressor4_2 has port C[4] driven by constant 0
WARNING: [Synth 8-3917] design pp_compressor4_2 has port C[3] driven by constant 0
WARNING: [Synth 8-3917] design pp_compressor4_2 has port C[2] driven by constant 0
WARNING: [Synth 8-3917] design pp_compressor4_2 has port C[0] driven by constant 0
WARNING: [Synth 8-3917] design pp_compressor4_2 has port S[63] driven by constant 0
WARNING: [Synth 8-3917] design pp_compressor4_2 has port S[62] driven by constant 0
WARNING: [Synth 8-3917] design pp_compressor4_2 has port S[61] driven by constant 0
WARNING: [Synth 8-3917] design pp_compressor4_2 has port S[60] driven by constant 0
WARNING: [Synth 8-3917] design pp_compressor4_2 has port S[59] driven by constant 0
WARNING: [Synth 8-3917] design pp_compressor4_2 has port S[58] driven by constant 0
WARNING: [Synth 8-3917] design pp_compressor4_2 has port S[57] driven by constant 0
WARNING: [Synth 8-3917] design pp_compressor4_2 has port S[56] driven by constant 0
WARNING: [Synth 8-3917] design pp_compressor4_2 has port S[55] driven by constant 0
WARNING: [Synth 8-3917] design pp_compressor4_2 has port S[54] driven by constant 0
WARNING: [Synth 8-3917] design pp_compressor4_2 has port S[53] driven by constant 0
WARNING: [Synth 8-3917] design pp_compressor4_2 has port S[52] driven by constant 0
WARNING: [Synth 8-3917] design pp_compressor4_2 has port S[51] driven by constant 0
WARNING: [Synth 8-3917] design pp_compressor4_2 has port S[50] driven by constant 0
WARNING: [Synth 8-3917] design pp_compressor4_2 has port S[49] driven by constant 0
WARNING: [Synth 8-3917] design pp_compressor4_2 has port S[48] driven by constant 0
WARNING: [Synth 8-3917] design pp_compressor4_2 has port S[47] driven by constant 0
WARNING: [Synth 8-3917] design pp_compressor4_2 has port S[46] driven by constant 0
WARNING: [Synth 8-3917] design pp_compressor4_2 has port S[45] driven by constant 0
WARNING: [Synth 8-3917] design pp_compressor4_2 has port S[44] driven by constant 0
WARNING: [Synth 8-3917] design pp_compressor4_2 has port S[43] driven by constant 0
WARNING: [Synth 8-3917] design pp_compressor4_2 has port S[42] driven by constant 0
WARNING: [Synth 8-3917] design pp_compressor4_2 has port S[41] driven by constant 0
WARNING: [Synth 8-3917] design pp_compressor4_2 has port S[40] driven by constant 0
WARNING: [Synth 8-3917] design pp_compressor4_2 has port S[39] driven by constant 0
WARNING: [Synth 8-3917] design pp_compressor4_2 has port S[38] driven by constant 0
WARNING: [Synth 8-3917] design pp_compressor4_2 has port S[37] driven by constant 0
WARNING: [Synth 8-3917] design pp_compressor4_2 has port S[36] driven by constant 0
WARNING: [Synth 8-3917] design pp_compressor4_2 has port S[35] driven by constant 0
WARNING: [Synth 8-3917] design pp_compressor4_2 has port S[34] driven by constant 0
WARNING: [Synth 8-3917] design pp_compressor4_2 has port S[33] driven by constant 0
WARNING: [Synth 8-3917] design pp_compressor4_2 has port S[32] driven by constant 0
WARNING: [Synth 8-3917] design pp_compressor4_2 has port S[31] driven by constant 0
WARNING: [Synth 8-3917] design pp_compressor4_2 has port S[30] driven by constant 0
WARNING: [Synth 8-3917] design pp_compressor4_2 has port S[29] driven by constant 0
WARNING: [Synth 8-3917] design pp_compressor4_2 has port S[28] driven by constant 0
WARNING: [Synth 8-3917] design pp_compressor4_2 has port S[27] driven by constant 0
INFO: [Common 17-14] Message 'Synth 8-3917' appears 100 times and further instances of the messages will be disabled. Use the Tcl command set_msg_config to change the current settings.
---------------------------------------------------------------------------------
Finished RTL Elaboration : Time (s): cpu = 00:00:05 ; elapsed = 00:00:05 . Memory (MB): peak = 1541.078 ; gain = 272.309
---------------------------------------------------------------------------------

Report Check Netlist: 
+------+------------------+-------+---------+-------+------------------+
|      |Item              |Errors |Warnings |Status |Description       |
+------+------------------+-------+---------+-------+------------------+
|1     |multi_driven_nets |      0|        0|Passed |Multi driven nets |
+------+------------------+-------+---------+-------+------------------+
---------------------------------------------------------------------------------
Start Handling Custom Attributes
---------------------------------------------------------------------------------
---------------------------------------------------------------------------------
Finished Handling Custom Attributes : Time (s): cpu = 00:00:05 ; elapsed = 00:00:05 . Memory (MB): peak = 1541.078 ; gain = 272.309
---------------------------------------------------------------------------------
---------------------------------------------------------------------------------
Finished RTL Optimization Phase 1 : Time (s): cpu = 00:00:05 ; elapsed = 00:00:05 . Memory (MB): peak = 1541.078 ; gain = 272.309
---------------------------------------------------------------------------------
Netlist sorting complete. Time (s): cpu = 00:00:00 ; elapsed = 00:00:00.005 . Memory (MB): peak = 1541.078 ; gain = 0.000
INFO: [Project 1-570] Preparing netlist for logic optimization
INFO: [Opt 31-141] Inserted 126 OBUFs to IO ports without IO buffers.

Processing XDC Constraints
Initializing timing engine
Completed Processing XDC Constraints

INFO: [Opt 31-138] Pushed 0 inverter(s) to 0 load pin(s).
Netlist sorting complete. Time (s): cpu = 00:00:00 ; elapsed = 00:00:00 . Memory (MB): peak = 1667.219 ; gain = 0.000
INFO: [Project 1-111] Unisim Transformation Summary:
No Unisim elements were transformed.

RTL Elaboration Complete:  : Time (s): cpu = 00:00:17 ; elapsed = 00:00:10 . Memory (MB): peak = 1720.605 ; gain = 451.836
11 Infos, 201 Warnings, 0 Critical Warnings and 0 Errors encountered.
synth_design completed successfully
synth_design: Time (s): cpu = 00:00:21 ; elapsed = 00:00:15 . Memory (MB): peak = 1720.605 ; gain = 740.555
exit
INFO: [Common 17-206] Exiting Vivado at Tue Jan 23 00:51:39 2024...
