Vivado Simulator 2019.2
Copyright 1986-1999, 2001-2019 Xilinx, Inc. All Rights Reserved.
Running: E:/Xilinx/Vivado/2019.2/bin/unwrapped/win64.o/xelab.exe -wto cedf1ba49f8f46af880f3bcb992062f0 --incr --debug typical --relax --mt 2 -L xil_defaultlib -L unisims_ver -L unimacro_ver -L secureip --snapshot tb_booth_ctrl_behav xil_defaultlib.tb_booth_ctrl xil_defaultlib.glbl -log elaborate.log 
Using 2 slave threads.
Starting static elaboration
Pass Through NonSizing Optimizer
Completed static elaboration
Starting simulation data flow analysis
WARNING: [XSIM 43-4099] "E:/RISCV/booth/src/booth_multiplier.v" Line 1. Module booth_multiplier doesn't have a timescale but at least one module in design has a timescale.
WARNING: [XSIM 43-4099] "E:/RISCV/booth/src/booth_ctrl.v" Line 1. Module booth_ctrl doesn't have a timescale but at least one module in design has a timescale.
WARNING: [XSIM 43-4099] "E:/RISCV/booth/src/pp_generator.v" Line 1. Module pp_generator doesn't have a timescale but at least one module in design has a timescale.
WARNING: [XSIM 43-4099] "E:/RISCV/booth/src/pp_compressor4_2.v" Line 1. Module pp_compressor4_2_default doesn't have a timescale but at least one module in design has a timescale.
WARNING: [XSIM 43-4099] "E:/RISCV/booth/src/compressor4_2.v" Line 1. Module compressor4_2 doesn't have a timescale but at least one module in design has a timescale.
WARNING: [XSIM 43-4099] "E:/RISCV/booth/src/compressor4_2.v" Line 1. Module compressor4_2 doesn't have a timescale but at least one module in design has a timescale.
WARNING: [XSIM 43-4099] "E:/RISCV/booth/src/compressor4_2.v" Line 1. Module compressor4_2 doesn't have a timescale but at least one module in design has a timescale.
WARNING: [XSIM 43-4099] "E:/RISCV/booth/src/compressor4_2.v" Line 1. Module compressor4_2 doesn't have a timescale but at least one module in design has a timescale.
WARNING: [XSIM 43-4099] "E:/RISCV/booth/src/compressor4_2.v" Line 1. Module compressor4_2 doesn't have a timescale but at least one module in design has a timescale.
WARNING: [XSIM 43-4099] "E:/RISCV/booth/src/compressor4_2.v" Line 1. Module compressor4_2 doesn't have a timescale but at least one module in design has a timescale.
WARNING: [XSIM 43-4099] "E:/RISCV/booth/src/compressor4_2.v" Line 1. Module compressor4_2 doesn't have a timescale but at least one module in design has a timescale.
WARNING: [XSIM 43-4099] "E:/RISCV/booth/src/compressor4_2.v" Line 1. Module compressor4_2 doesn't have a timescale but at least one module in design has a timescale.
WARNING: [XSIM 43-4099] "E:/RISCV/booth/src/compressor4_2.v" Line 1. Module compressor4_2 doesn't have a timescale but at least one module in design has a timescale.
WARNING: [XSIM 43-4099] "E:/RISCV/booth/src/compressor4_2.v" Line 1. Module compressor4_2 doesn't have a timescale but at least one module in design has a timescale.
WARNING: [XSIM 43-4099] "E:/RISCV/booth/src/compressor4_2.v" Line 1. Module compressor4_2 doesn't have a timescale but at least one module in design has a timescale.
WARNING: [XSIM 43-4099] "E:/RISCV/booth/src/compressor4_2.v" Line 1. Module compressor4_2 doesn't have a timescale but at least one module in design has a timescale.
WARNING: [XSIM 43-4099] "E:/RISCV/booth/src/compressor4_2.v" Line 1. Module compressor4_2 doesn't have a timescale but at least one module in design has a timescale.
WARNING: [XSIM 43-4099] "E:/RISCV/booth/src/compressor4_2.v" Line 1. Module compressor4_2 doesn't have a timescale but at least one module in design has a timescale.
WARNING: [XSIM 43-4099] "E:/RISCV/booth/src/compressor4_2.v" Line 1. Module compressor4_2 doesn't have a timescale but at least one module in design has a timescale.
WARNING: [XSIM 43-4099] "E:/RISCV/booth/src/compressor4_2.v" Line 1. Module compressor4_2 doesn't have a timescale but at least one module in design has a timescale.
WARNING: [XSIM 43-4099] "E:/RISCV/booth/src/compressor4_2.v" Line 1. Module compressor4_2 doesn't have a timescale but at least one module in design has a timescale.
WARNING: [XSIM 43-4099] "E:/RISCV/booth/src/compressor4_2.v" Line 1. Module compressor4_2 doesn't have a timescale but at least one module in design has a timescale.
WARNING: [XSIM 43-4099] "E:/RISCV/booth/src/compressor4_2.v" Line 1. Module compressor4_2 doesn't have a timescale but at least one module in design has a timescale.
WARNING: [XSIM 43-4099] "E:/RISCV/booth/src/compressor4_2.v" Line 1. Module compressor4_2 doesn't have a timescale but at least one module in design has a timescale.
WARNING: [XSIM 43-4099] "E:/RISCV/booth/src/compressor4_2.v" Line 1. Module compressor4_2 doesn't have a timescale but at least one module in design has a timescale.
WARNING: [XSIM 43-4099] "E:/RISCV/booth/src/compressor4_2.v" Line 1. Module compressor4_2 doesn't have a timescale but at least one module in design has a timescale.
WARNING: [XSIM 43-4099] "E:/RISCV/booth/src/compressor4_2.v" Line 1. Module compressor4_2 doesn't have a timescale but at least one module in design has a timescale.
WARNING: [XSIM 43-4099] "E:/RISCV/booth/src/compressor4_2.v" Line 1. Module compressor4_2 doesn't have a timescale but at least one module in design has a timescale.
WARNING: [XSIM 43-4099] "E:/RISCV/booth/src/compressor4_2.v" Line 1. Module compressor4_2 doesn't have a timescale but at least one module in design has a timescale.
WARNING: [XSIM 43-4099] "E:/RISCV/booth/src/compressor4_2.v" Line 1. Module compressor4_2 doesn't have a timescale but at least one module in design has a timescale.
WARNING: [XSIM 43-4099] "E:/RISCV/booth/src/compressor4_2.v" Line 1. Module compressor4_2 doesn't have a timescale but at least one module in design has a timescale.
WARNING: [XSIM 43-4099] "E:/RISCV/booth/src/compressor4_2.v" Line 1. Module compressor4_2 doesn't have a timescale but at least one module in design has a timescale.
WARNING: [XSIM 43-4099] "E:/RISCV/booth/src/compressor4_2.v" Line 1. Module compressor4_2 doesn't have a timescale but at least one module in design has a timescale.
WARNING: [XSIM 43-4099] "E:/RISCV/booth/src/compressor4_2.v" Line 1. Module compressor4_2 doesn't have a timescale but at least one module in design has a timescale.
WARNING: [XSIM 43-4099] "E:/RISCV/booth/src/compressor4_2.v" Line 1. Module compressor4_2 doesn't have a timescale but at least one module in design has a timescale.
WARNING: [XSIM 43-4099] "E:/RISCV/booth/src/compressor4_2.v" Line 1. Module compressor4_2 doesn't have a timescale but at least one module in design has a timescale.
WARNING: [XSIM 43-4099] "E:/RISCV/booth/src/compressor4_2.v" Line 1. Module compressor4_2 doesn't have a timescale but at least one module in design has a timescale.
WARNING: [XSIM 43-4099] "E:/RISCV/booth/src/compressor4_2.v" Line 1. Module compressor4_2 doesn't have a timescale but at least one module in design has a timescale.
WARNING: [XSIM 43-4099] "E:/RISCV/booth/src/compressor4_2.v" Line 1. Module compressor4_2 doesn't have a timescale but at least one module in design has a timescale.
WARNING: [XSIM 43-4099] "E:/RISCV/booth/src/compressor4_2.v" Line 1. Module compressor4_2 doesn't have a timescale but at least one module in design has a timescale.
WARNING: [XSIM 43-4099] "E:/RISCV/booth/src/compressor4_2.v" Line 1. Module compressor4_2 doesn't have a timescale but at least one module in design has a timescale.
WARNING: [XSIM 43-4099] "E:/RISCV/booth/src/compressor4_2.v" Line 1. Module compressor4_2 doesn't have a timescale but at least one module in design has a timescale.
WARNING: [XSIM 43-4099] "E:/RISCV/booth/src/compressor4_2.v" Line 1. Module compressor4_2 doesn't have a timescale but at least one module in design has a timescale.
WARNING: [XSIM 43-4099] "E:/RISCV/booth/src/compressor4_2.v" Line 1. Module compressor4_2 doesn't have a timescale but at least one module in design has a timescale.
WARNING: [XSIM 43-4099] "E:/RISCV/booth/src/compressor4_2.v" Line 1. Module compressor4_2 doesn't have a timescale but at least one module in design has a timescale.
WARNING: [XSIM 43-4099] "E:/RISCV/booth/src/compressor4_2.v" Line 1. Module compressor4_2 doesn't have a timescale but at least one module in design has a timescale.
WARNING: [XSIM 43-4099] "E:/RISCV/booth/src/compressor4_2.v" Line 1. Module compressor4_2 doesn't have a timescale but at least one module in design has a timescale.
WARNING: [XSIM 43-4099] "E:/RISCV/booth/src/compressor4_2.v" Line 1. Module compressor4_2 doesn't have a timescale but at least one module in design has a timescale.
WARNING: [XSIM 43-4099] "E:/RISCV/booth/src/compressor4_2.v" Line 1. Module compressor4_2 doesn't have a timescale but at least one module in design has a timescale.
WARNING: [XSIM 43-4099] "E:/RISCV/booth/src/compressor4_2.v" Line 1. Module compressor4_2 doesn't have a timescale but at least one module in design has a timescale.
WARNING: [XSIM 43-4099] "E:/RISCV/booth/src/compressor4_2.v" Line 1. Module compressor4_2 doesn't have a timescale but at least one module in design has a timescale.
WARNING: [XSIM 43-4099] "E:/RISCV/booth/src/compressor4_2.v" Line 1. Module compressor4_2 doesn't have a timescale but at least one module in design has a timescale.
WARNING: [XSIM 43-4099] "E:/RISCV/booth/src/compressor4_2.v" Line 1. Module compressor4_2 doesn't have a timescale but at least one module in design has a timescale.
WARNING: [XSIM 43-4099] "E:/RISCV/booth/src/compressor4_2.v" Line 1. Module compressor4_2 doesn't have a timescale but at least one module in design has a timescale.
WARNING: [XSIM 43-4099] "E:/RISCV/booth/src/compressor4_2.v" Line 1. Module compressor4_2 doesn't have a timescale but at least one module in design has a timescale.
WARNING: [XSIM 43-4099] "E:/RISCV/booth/src/compressor4_2.v" Line 1. Module compressor4_2 doesn't have a timescale but at least one module in design has a timescale.
WARNING: [XSIM 43-4099] "E:/RISCV/booth/src/compressor4_2.v" Line 1. Module compressor4_2 doesn't have a timescale but at least one module in design has a timescale.
WARNING: [XSIM 43-4099] "E:/RISCV/booth/src/compressor4_2.v" Line 1. Module compressor4_2 doesn't have a timescale but at least one module in design has a timescale.
WARNING: [XSIM 43-4099] "E:/RISCV/booth/src/compressor4_2.v" Line 1. Module compressor4_2 doesn't have a timescale but at least one module in design has a timescale.
WARNING: [XSIM 43-4099] "E:/RISCV/booth/src/compressor4_2.v" Line 1. Module compressor4_2 doesn't have a timescale but at least one module in design has a timescale.
WARNING: [XSIM 43-4099] "E:/RISCV/booth/src/compressor4_2.v" Line 1. Module compressor4_2 doesn't have a timescale but at least one module in design has a timescale.
WARNING: [XSIM 43-4099] "E:/RISCV/booth/src/compressor4_2.v" Line 1. Module compressor4_2 doesn't have a timescale but at least one module in design has a timescale.
WARNING: [XSIM 43-4099] "E:/RISCV/booth/src/compressor4_2.v" Line 1. Module compressor4_2 doesn't have a timescale but at least one module in design has a timescale.
WARNING: [XSIM 43-4099] "E:/RISCV/booth/src/compressor4_2.v" Line 1. Module compressor4_2 doesn't have a timescale but at least one module in design has a timescale.
WARNING: [XSIM 43-4099] "E:/RISCV/booth/src/compressor4_2.v" Line 1. Module compressor4_2 doesn't have a timescale but at least one module in design has a timescale.
WARNING: [XSIM 43-4099] "E:/RISCV/booth/src/compressor4_2.v" Line 1. Module compressor4_2 doesn't have a timescale but at least one module in design has a timescale.
WARNING: [XSIM 43-4099] "E:/RISCV/booth/src/compressor4_2.v" Line 1. Module compressor4_2 doesn't have a timescale but at least one module in design has a timescale.
WARNING: [XSIM 43-4099] "E:/RISCV/booth/src/compressor4_2.v" Line 1. Module compressor4_2 doesn't have a timescale but at least one module in design has a timescale.
WARNING: [XSIM 43-4099] "E:/RISCV/booth/src/pp_compressor4_2.v" Line 1. Module pp_compressor4_2_default doesn't have a timescale but at least one module in design has a timescale.
WARNING: [XSIM 43-4099] "E:/RISCV/booth/src/compressor4_2.v" Line 1. Module compressor4_2 doesn't have a timescale but at least one module in design has a timescale.
WARNING: [XSIM 43-4099] "E:/RISCV/booth/src/compressor4_2.v" Line 1. Module compressor4_2 doesn't have a timescale but at least one module in design has a timescale.
WARNING: [XSIM 43-4099] "E:/RISCV/booth/src/compressor4_2.v" Line 1. Module compressor4_2 doesn't have a timescale but at least one module in design has a timescale.
WARNING: [XSIM 43-4099] "E:/RISCV/booth/src/compressor4_2.v" Line 1. Module compressor4_2 doesn't have a timescale but at least one module in design has a timescale.
WARNING: [XSIM 43-4099] "E:/RISCV/booth/src/compressor4_2.v" Line 1. Module compressor4_2 doesn't have a timescale but at least one module in design has a timescale.
WARNING: [XSIM 43-4099] "E:/RISCV/booth/src/compressor4_2.v" Line 1. Module compressor4_2 doesn't have a timescale but at least one module in design has a timescale.
WARNING: [XSIM 43-4099] "E:/RISCV/booth/src/compressor4_2.v" Line 1. Module compressor4_2 doesn't have a timescale but at least one module in design has a timescale.
WARNING: [XSIM 43-4099] "E:/RISCV/booth/src/compressor4_2.v" Line 1. Module compressor4_2 doesn't have a timescale but at least one module in design has a timescale.
WARNING: [XSIM 43-4099] "E:/RISCV/booth/src/compressor4_2.v" Line 1. Module compressor4_2 doesn't have a timescale but at least one module in design has a timescale.
WARNING: [XSIM 43-4099] "E:/RISCV/booth/src/compressor4_2.v" Line 1. Module compressor4_2 doesn't have a timescale but at least one module in design has a timescale.
WARNING: [XSIM 43-4099] "E:/RISCV/booth/src/compressor4_2.v" Line 1. Module compressor4_2 doesn't have a timescale but at least one module in design has a timescale.
WARNING: [XSIM 43-4099] "E:/RISCV/booth/src/compressor4_2.v" Line 1. Module compressor4_2 doesn't have a timescale but at least one module in design has a timescale.
WARNING: [XSIM 43-4099] "E:/RISCV/booth/src/compressor4_2.v" Line 1. Module compressor4_2 doesn't have a timescale but at least one module in design has a timescale.
WARNING: [XSIM 43-4099] "E:/RISCV/booth/src/compressor4_2.v" Line 1. Module compressor4_2 doesn't have a timescale but at least one module in design has a timescale.
WARNING: [XSIM 43-4099] "E:/RISCV/booth/src/compressor4_2.v" Line 1. Module compressor4_2 doesn't have a timescale but at least one module in design has a timescale.
WARNING: [XSIM 43-4099] "E:/RISCV/booth/src/compressor4_2.v" Line 1. Module compressor4_2 doesn't have a timescale but at least one module in design has a timescale.
WARNING: [XSIM 43-4099] "E:/RISCV/booth/src/compressor4_2.v" Line 1. Module compressor4_2 doesn't have a timescale but at least one module in design has a timescale.
WARNING: [XSIM 43-4099] "E:/RISCV/booth/src/compressor4_2.v" Line 1. Module compressor4_2 doesn't have a timescale but at least one module in design has a timescale.
WARNING: [XSIM 43-4099] "E:/RISCV/booth/src/compressor4_2.v" Line 1. Module compressor4_2 doesn't have a timescale but at least one module in design has a timescale.
WARNING: [XSIM 43-4099] "E:/RISCV/booth/src/compressor4_2.v" Line 1. Module compressor4_2 doesn't have a timescale but at least one module in design has a timescale.
WARNING: [XSIM 43-4099] "E:/RISCV/booth/src/compressor4_2.v" Line 1. Module compressor4_2 doesn't have a timescale but at least one module in design has a timescale.
WARNING: [XSIM 43-4099] "E:/RISCV/booth/src/compressor4_2.v" Line 1. Module compressor4_2 doesn't have a timescale but at least one module in design has a timescale.
WARNING: [XSIM 43-4099] "E:/RISCV/booth/src/compressor4_2.v" Line 1. Module compressor4_2 doesn't have a timescale but at least one module in design has a timescale.
WARNING: [XSIM 43-4099] "E:/RISCV/booth/src/compressor4_2.v" Line 1. Module compressor4_2 doesn't have a timescale but at least one module in design has a timescale.
WARNING: [XSIM 43-4099] "E:/RISCV/booth/src/compressor4_2.v" Line 1. Module compressor4_2 doesn't have a timescale but at least one module in design has a timescale.
WARNING: [XSIM 43-4099] "E:/RISCV/booth/src/compressor4_2.v" Line 1. Module compressor4_2 doesn't have a timescale but at least one module in design has a timescale.
WARNING: [XSIM 43-4099] "E:/RISCV/booth/src/compressor4_2.v" Line 1. Module compressor4_2 doesn't have a timescale but at least one module in design has a timescale.
WARNING: [XSIM 43-4099] "E:/RISCV/booth/src/compressor4_2.v" Line 1. Module compressor4_2 doesn't have a timescale but at least one module in design has a timescale.
WARNING: [XSIM 43-4099] "E:/RISCV/booth/src/compressor4_2.v" Line 1. Module compressor4_2 doesn't have a timescale but at least one module in design has a timescale.
WARNING: [XSIM 43-4099] "E:/RISCV/booth/src/compressor4_2.v" Line 1. Module compressor4_2 doesn't have a timescale but at least one module in design has a timescale.
WARNING: [XSIM 43-4099] "E:/RISCV/booth/src/compressor4_2.v" Line 1. Module compressor4_2 doesn't have a timescale but at least one module in design has a timescale.
INFO: [Common 17-14] Message 'XSIM 43-4099' appears 100 times and further instances of the messages will be disabled. Use the Tcl command set_msg_config to change the current settings.
Completed simulation data flow analysis
Time Resolution for simulation is 1ps
Compiling module xil_defaultlib.booth_ctrl
Compiling module xil_defaultlib.pp_generator
Compiling module xil_defaultlib.compressor4_2
Compiling module xil_defaultlib.pp_compressor4_2_default
Compiling module xil_defaultlib.CLA
Compiling module xil_defaultlib.CLA_64bits_default
Compiling module xil_defaultlib.booth_multiplier
Compiling module xil_defaultlib.tb_booth_ctrl
Compiling module xil_defaultlib.glbl
Built simulation snapshot tb_booth_ctrl_behav
